<wxlog>
  <threadId>#main</threadId>
  <timestamp>20:00:25:6115</timestamp>
  <msgtype>MsgWXLogLaunch</msgtype>
  <content>[The WXLogger is launched!]</content>
  <stackFrames>
[CALL STACK][0]: Method:WXTextureTools.Application.Options.OptionsConfig..ctor; File:.0
[CALL STACK][1]: Method:WXTextureTools.Application.App..ctor; File:.0
[CALL STACK][2]: Method:WXTextureTools.Program.Main; File:.0
</stackFrames>
</wxlog>
<wxlog>
  <threadId>#main</threadId>
  <timestamp>20:00:25:6215</timestamp>
  <msgtype>MsgMixture</msgtype>
  <content>string|String[]
OptionsConfig,-option=fbDecompress
-classDataPath=D:/MajunjieFiles/UnityProjects/wxdownload_mono_test/Assets\WX-WASM-SDK-V2\Editor/TextureEditor/classdata.tpk
-dataDir=D:/MajunjieFiles/UnityProjects/wxdownload_mono_test/TextToolDatas
-sourcePath=D:/MajunjieFiles/UnityProjects/wxdownload_mono_test/TextToolDatas\slim\backup.txt
</content>
  <stackFrames>
[CALL STACK][0]: Method:WXTextureTools.Application.App..ctor; File:.0
[CALL STACK][1]: Method:WXTextureTools.Program.Main; File:.0
</stackFrames>
</wxlog>
<wxlog>
  <threadId>#main</threadId>
  <timestamp>20:00:25:6235</timestamp>
  <msgtype>MsgMixture</msgtype>
  <content>string|string
UnityBridgeHandler - SetDataDir,D:/MajunjieFiles/UnityProjects/wxdownload_mono_test/TextToolDatas\temp</content>
  <stackFrames>
[CALL STACK][0]: Method:WXTextureTools.Program.Main; File:.0
</stackFrames>
</wxlog>
<wxlog>
  <threadId>#main</threadId>
  <timestamp>20:00:25:6424</timestamp>
  <msgtype>MsgMixture</msgtype>
  <content>string|string
BundlePicRecord initFile,D:/MajunjieFiles/UnityProjects/wxdownload_mono_test/TextToolDatas\FIRSTBUNDLETEXTURES.json</content>
  <stackFrames>
[CALL STACK][0]: Method:WXTextureTools.Application.AppCmdExec.WXFirstBundleDecompressExec.todo; File:.0
[CALL STACK][1]: Method:WXTextureTools.Application.App.process; File:.0
[CALL STACK][2]: Method:WXTextureTools.Application.App..ctor; File:.0
</stackFrames>
</wxlog>
<wxlog>
  <threadId>#main</threadId>
  <timestamp>20:00:25:6434</timestamp>
  <msgtype>MsgMixture</msgtype>
  <content>string|string
BundlePicRecord readAllRecord,{"timestamp":0,"files":[{"path":"D:/MajunjieFiles/UnityProjects/wxdownload_mono_test/TextToolDatas\\slim\\backup.txt","dstPath":null,"md5":"de502e3e65f367dc","textures":[{"width":128,"height":128,"name":"Soft.c1d63e75","astc":null,"limittype":null},{"width":128,"height":58,"name":"UnityWatermark-small.d7411008","astc":null,"limittype":"1"},{"width":74,"height":71,"name":"EscToExit_back.21b1540e","astc":null,"limittype":"1"},{"width":267,"height":20,"name":"EscToExit_Text.2e1ee8b4","astc":null,"limittype":"1"},{"width":512,"height":94,"name":"UnityWatermark-trial-big.66f46ac8","astc":null,"limittype":"1"},{"width":76,"height":14,"name":"UnityWatermark-trial.60b4e34e","astc":null,"limittype":"1"},{"width":127,"height":17,"name":"UnityWatermark-beta.dd37c61b","astc":null,"limittype":"1"},{"width":148,"height":17,"name":"UnityWatermark-edu.a8c472ae","astc":null,"limittype":"1"},{"width":115,"height":17,"name":"UnityWatermark-dev.ae1fc174","astc":null,"limittype":"1"},{"width":64,"height":64,"name":"WarningSign.59b8d955","astc":null,"limittype":null},{"width":87,"height":13,"name":"UnityWatermark-proto.5084375a","astc":null,"limittype":"1"},{"width":66,"height":17,"name":"UnityWatermarkPlugin-beta.52403834","astc":null,"limittype":"1"},{"width":12,"height":12,"name":"box.643f5df8","astc":null,"limittype":null},{"width":12,"height":12,"name":"button%20active.c15aedb7","astc":null,"limittype":null},{"width":12,"height":12,"name":"button%20hover.42efb15e","astc":null,"limittype":null},{"width":12,"height":12,"name":"button%20on%20hover.2c40c4b8","astc":null,"limittype":null},{"width":12,"height":12,"name":"button%20on.7ff0e5a1","astc":null,"limittype":null},{"width":12,"height":12,"name":"button.bdec6b82","astc":null,"limittype":null},{"width":12,"height":12,"name":"horizontal%20scrollbar%20thumb.4137b46d","astc":null,"limittype":null},{"width":18,"height":15,"name":"horizontal%20scrollbar.0ac38291","astc":null,"limittype":"1"},{"width":8,"height":7,"name":"horizontalslider.722f02b2","astc":null,"limittype":"1"},{"width":8,"height":12,"name":"slider%20thumb%20active.168a62a9","astc":null,"limittype":null},{"width":8,"height":12,"name":"slider%20thumb.a7acef71","astc":null,"limittype":null},{"width":8,"height":12,"name":"slidert%20humb%20hover.0c248117","astc":null,"limittype":null},{"width":14,"height":14,"name":"toggle%20active.e32a2ca9","astc":null,"limittype":"1"},{"width":14,"height":14,"name":"toggle%20hover.614620f6","astc":null,"limittype":"1"},{"width":14,"height":14,"name":"toggle%20on%20hover.528d6b34","astc":null,"limittype":"1"},{"width":14,"height":14,"name":"toggle%20on.1f99750a","astc":null,"limittype":"1"},{"width":14,"height":14,"name":"toggle%20on%20active.9d52caeb","astc":null,"limittype":"1"},{"width":14,"height":14,"name":"toggle.6eafbcb0","astc":null,"limittype":"1"},{"width":12,"height":12,"name":"vertical%20scrollbar%20thumb.7ba97313","astc":null,"limittype":null},{"width":15,"height":18,"name":"vertical%20scrollbar.d38290f1","astc":null,"limittype":"1"},{"width":7,"height":8,"name":"verticalslider.58266f5f","astc":null,"limittype":"1"},{"width":17,"height":27,"name":"window%20on.38a76040","astc":null,"limittype":"1"},{"width":17,"height":27,"name":"window.a62d1258","astc":null,"limittype":"1"},{"width":12,"height":12,"name":"textfield.a75d69ec","astc":null,"limittype":null},{"width":12,"height":12,"name":"textfield%20on.f2c2fb5c","astc":null,"limittype":null},{"width":12,"height":12,"name":"textfield%20hover.8c7ae9d8","astc":null,"limittype":null},{"width":32,"height":32,"name":"UnitySplash-HolographicTrackingLoss.cbf38e69","astc":null,"limittype":null},{"width":2048,"height":1024,"name":"Splash%20Screen%20Unity%20Logo.05ef6840","astc":null,"limittype":null},{"width":64,"height":8,"name":"Invalidated.1f296ba4","astc":null,"limittype":null},{"width":32,"height":32,"name":"UISprite.b48f75d0","astc":null,"limittype":null},{"width":1024,"height":81,"name":"UWA.Proj.Active.613f5e2e","astc":null,"limittype":"1"},{"width":25,"height":100,"name":"UWA.Progress.In.Right.9db6e6fb","astc":null,"limittype":"1"},{"width":530,"height":96,"name":"UWA.DmImg.Active.a8200ea7","astc":null,"limittype":"1"},{"width":100,"height":100,"name":"UWA.Checkbox.1.55b75bd0","astc":null,"limittype":null},{"width":64,"height":64,"name":"UWA.Return.6b8ae1a0","astc":null,"limittype":null},{"width":4,"height":120,"name":"UWA.Interval.cf8cd056","astc":null,"limittype":null},{"width":16,"height":202,"name":"UWA.ProjSelectBar.981ed328","astc":null,"limittype":"1"},{"width":258,"height":102,"name":"UWA.Connected.N.7e396247","astc":null,"limittype":"1"},{"width":280,"height":100,"name":"UWA.Dump.6b2718ee","astc":null,"limittype":null},{"width":280,"height":96,"name":"UWA.SaveAndStart.Active.fdaf6a4e","astc":null,"limittype":null},{"width":676,"height":100,"name":"UWA.Progress.In.Mid.c8305bf3","astc":null,"limittype":null},{"width":280,"height":96,"name":"UWA.SaveAndStart.1227c84d","astc":null,"limittype":null},{"width":200,"height":160,"name":"UWA.Switch.1.6c0a62b7","astc":null,"limittype":null},{"width":1010,"height":80,"name":"UWA.UploadInput.f77456c3","astc":null,"limittype":"1"},{"width":82,"height":4,"name":"UWA.BtnTab.d8938396","astc":null,"limittype":"1"},{"width":2020,"height":100,"name":"UWA.ProgressBG.2d0abe8a","astc":null,"limittype":null},{"width":28,"height":72,"name":"UWA.Tab.b34ec302","astc":null,"limittype":null},{"width":199,"height":199,"name":"UWA.Shade.59e7b784","astc":null,"limittype":"1"},{"width":64,"height":224,"name":"UWA.FoldLeft.e2a29f39","astc":null,"limittype":null},{"width":500,"height":160,"name":"UWA.CreateProjBG.dea87f4c","astc":null,"limittype":null},{"width":25,"height":100,"name":"UWA.Progress.In.Left.31fd1e30","astc":null,"limittype":"1"},{"width":100,"height":100,"name":"UWA.Checkround.2.4fffaaa1","astc":null,"limittype":null},{"width":1,"height":1024,"name":"UWA.SetLine.2.7888ce71","astc":null,"limittype":"1"},{"width":32,"height":32,"name":"UWA.Refresh.f5c2dd1c","astc":null,"limittype":null},{"width":150,"height":60,"name":"UWA.InputBG.9df785be","astc":null,"limittype":"1"},{"width":1010,"height":80,"name":"UWA.Login.5b8ba051","astc":null,"limittype":"1"},{"width":70,"height":70,"name":"UWA.Close.fd304552","astc":null,"limittype":"1"},{"width":1024,"height":1,"name":"UWA.SetLine.1.1fa81688","astc":null,"limittype":"1"},{"width":100,"height":100,"name":"UWA.CheckBox.2.cc5a6ebe","astc":null,"limittype":null},{"width":100,"height":100,"name":"UWA.Checkround.1.a78ad800","astc":null,"limittype":null},{"width":200,"height":160,"name":"UWA.Switch.2.56c75bf9","astc":null,"limittype":null},{"width":200,"height":200,"name":"UWA.Gear.bb3faf4e","astc":null,"limittype":null},{"width":32,"height":32,"name":"UWA.Hint.3edbe7ea","astc":null,"limittype":null},{"width":452,"height":188,"name":"UWA.UMBtn.Grey.0bd6ae96","astc":null,"limittype":null},{"width":1024,"height":306,"name":"UWA.ProjSelectBG.ac15fdee","astc":null,"limittype":"1"},{"width":200,"height":200,"name":"UWA.Exit.bcf741ca","astc":null,"limittype":null},{"width":128,"height":448,"name":"UWA.Right.72b6bf47","astc":null,"limittype":null},{"width":92,"height":92,"name":"UWA.Dump.Round.340079be","astc":null,"limittype":null},{"width":128,"height":448,"name":"UWA.Left.c0dca2bf","astc":null,"limittype":null},{"width":452,"height":188,"name":"UWA.UMBtn.Blue.a58f7a4f","astc":null,"limittype":null},{"width":280,"height":96,"name":"UWA.NoMore.4b33d989","astc":null,"limittype":null},{"width":200,"height":200,"name":"UWA.Detail.b354204b","astc":null,"limittype":null},{"width":75,"height":47,"name":"UWA.BtnBG.1.Active.2fbb9a85","astc":null,"limittype":"1"},{"width":560,"height":67,"name":"UWA.White.3.6d9bfdeb","astc":null,"limittype":"1"},{"width":92,"height":92,"name":"UWA.Stop.Round.eceb3a89","astc":null,"limittype":null},{"width":384,"height":32,"name":"UWA.ServiceLine.65c6c769","astc":null,"limittype":null},{"width":8,"height":132,"name":"UWA.ServiceLine.h.4930b1e6","astc":null,"limittype":null},{"width":64,"height":268,"name":"UWA.FoldRight.7ba5d2b4","astc":null,"limittype":null},{"width":75,"height":47,"name":"UWA.BtnBG.1.9b94dec9","astc":null,"limittype":"1"},{"width":280,"height":100,"name":"UWA.Stop.c8635306","astc":null,"limittype":null},{"width":92,"height":92,"name":"UWA.Snapshot.Round.89a2eccd","astc":null,"limittype":null},{"width":44,"height":44,"name":"UWA.Switch.b8d5cf70","astc":null,"limittype":null},{"width":200,"height":200,"name":"UWA.Information.7047522d","astc":null,"limittype":null},{"width":30,"height":17,"name":"UWA.ShowItem.5af5172c","astc":null,"limittype":"1"},{"width":530,"height":96,"name":"UWA.DmImg.8dd496c6","astc":null,"limittype":"1"},{"width":258,"height":102,"name":"UWA.Connected.Y.bbf13f77","astc":null,"limittype":"1"}]}]}</content>
  <stackFrames>
[CALL STACK][0]: Method:WXTextureTools.Application.App.process; File:.0
[CALL STACK][1]: Method:WXTextureTools.Application.App..ctor; File:.0
[CALL STACK][2]: Method:WXTextureTools.Program.Main; File:.0
</stackFrames>
</wxlog>
<wxlog>
  <threadId>#main</threadId>
  <timestamp>20:00:26:1957</timestamp>
  <msgtype>MsgMixture</msgtype>
  <content>string|string
BundlePicRecord save,{"timestamp":0,"files":[{"path":"D:/MajunjieFiles/UnityProjects/wxdownload_mono_test/TextToolDatas\\slim\\backup.txt","dstPath":null,"md5":"de502e3e65f367dc","textures":[{"width":128,"height":128,"name":"Soft.c1d63e75","astc":null,"limittype":null},{"width":128,"height":58,"name":"UnityWatermark-small.d7411008","astc":null,"limittype":"1"},{"width":74,"height":71,"name":"EscToExit_back.21b1540e","astc":null,"limittype":"1"},{"width":267,"height":20,"name":"EscToExit_Text.2e1ee8b4","astc":null,"limittype":"1"},{"width":512,"height":94,"name":"UnityWatermark-trial-big.66f46ac8","astc":null,"limittype":"1"},{"width":76,"height":14,"name":"UnityWatermark-trial.60b4e34e","astc":null,"limittype":"1"},{"width":127,"height":17,"name":"UnityWatermark-beta.dd37c61b","astc":null,"limittype":"1"},{"width":148,"height":17,"name":"UnityWatermark-edu.a8c472ae","astc":null,"limittype":"1"},{"width":115,"height":17,"name":"UnityWatermark-dev.ae1fc174","astc":null,"limittype":"1"},{"width":64,"height":64,"name":"WarningSign.59b8d955","astc":null,"limittype":null},{"width":87,"height":13,"name":"UnityWatermark-proto.5084375a","astc":null,"limittype":"1"},{"width":66,"height":17,"name":"UnityWatermarkPlugin-beta.52403834","astc":null,"limittype":"1"},{"width":12,"height":12,"name":"box.643f5df8","astc":null,"limittype":null},{"width":12,"height":12,"name":"button%20active.c15aedb7","astc":null,"limittype":null},{"width":12,"height":12,"name":"button%20hover.42efb15e","astc":null,"limittype":null},{"width":12,"height":12,"name":"button%20on%20hover.2c40c4b8","astc":null,"limittype":null},{"width":12,"height":12,"name":"button%20on.7ff0e5a1","astc":null,"limittype":null},{"width":12,"height":12,"name":"button.bdec6b82","astc":null,"limittype":null},{"width":12,"height":12,"name":"horizontal%20scrollbar%20thumb.4137b46d","astc":null,"limittype":null},{"width":18,"height":15,"name":"horizontal%20scrollbar.0ac38291","astc":null,"limittype":"1"},{"width":8,"height":7,"name":"horizontalslider.722f02b2","astc":null,"limittype":"1"},{"width":8,"height":12,"name":"slider%20thumb%20active.168a62a9","astc":null,"limittype":null},{"width":8,"height":12,"name":"slider%20thumb.a7acef71","astc":null,"limittype":null},{"width":8,"height":12,"name":"slidert%20humb%20hover.0c248117","astc":null,"limittype":null},{"width":14,"height":14,"name":"toggle%20active.e32a2ca9","astc":null,"limittype":"1"},{"width":14,"height":14,"name":"toggle%20hover.614620f6","astc":null,"limittype":"1"},{"width":14,"height":14,"name":"toggle%20on%20hover.528d6b34","astc":null,"limittype":"1"},{"width":14,"height":14,"name":"toggle%20on.1f99750a","astc":null,"limittype":"1"},{"width":14,"height":14,"name":"toggle%20on%20active.9d52caeb","astc":null,"limittype":"1"},{"width":14,"height":14,"name":"toggle.6eafbcb0","astc":null,"limittype":"1"},{"width":12,"height":12,"name":"vertical%20scrollbar%20thumb.7ba97313","astc":null,"limittype":null},{"width":15,"height":18,"name":"vertical%20scrollbar.d38290f1","astc":null,"limittype":"1"},{"width":7,"height":8,"name":"verticalslider.58266f5f","astc":null,"limittype":"1"},{"width":17,"height":27,"name":"window%20on.38a76040","astc":null,"limittype":"1"},{"width":17,"height":27,"name":"window.a62d1258","astc":null,"limittype":"1"},{"width":12,"height":12,"name":"textfield.a75d69ec","astc":null,"limittype":null},{"width":12,"height":12,"name":"textfield%20on.f2c2fb5c","astc":null,"limittype":null},{"width":12,"height":12,"name":"textfield%20hover.8c7ae9d8","astc":null,"limittype":null},{"width":32,"height":32,"name":"UnitySplash-HolographicTrackingLoss.cbf38e69","astc":null,"limittype":null},{"width":2048,"height":1024,"name":"Splash%20Screen%20Unity%20Logo.05ef6840","astc":null,"limittype":null},{"width":64,"height":8,"name":"Invalidated.1f296ba4","astc":null,"limittype":null},{"width":32,"height":32,"name":"UISprite.b48f75d0","astc":null,"limittype":null},{"width":1024,"height":81,"name":"UWA.Proj.Active.613f5e2e","astc":null,"limittype":"1"},{"width":25,"height":100,"name":"UWA.Progress.In.Right.9db6e6fb","astc":null,"limittype":"1"},{"width":530,"height":96,"name":"UWA.DmImg.Active.a8200ea7","astc":null,"limittype":"1"},{"width":100,"height":100,"name":"UWA.Checkbox.1.55b75bd0","astc":null,"limittype":null},{"width":64,"height":64,"name":"UWA.Return.6b8ae1a0","astc":null,"limittype":null},{"width":4,"height":120,"name":"UWA.Interval.cf8cd056","astc":null,"limittype":null},{"width":16,"height":202,"name":"UWA.ProjSelectBar.981ed328","astc":null,"limittype":"1"},{"width":258,"height":102,"name":"UWA.Connected.N.7e396247","astc":null,"limittype":"1"},{"width":280,"height":100,"name":"UWA.Dump.6b2718ee","astc":null,"limittype":null},{"width":280,"height":96,"name":"UWA.SaveAndStart.Active.fdaf6a4e","astc":null,"limittype":null},{"width":676,"height":100,"name":"UWA.Progress.In.Mid.c8305bf3","astc":null,"limittype":null},{"width":280,"height":96,"name":"UWA.SaveAndStart.1227c84d","astc":null,"limittype":null},{"width":200,"height":160,"name":"UWA.Switch.1.6c0a62b7","astc":null,"limittype":null},{"width":1010,"height":80,"name":"UWA.UploadInput.f77456c3","astc":null,"limittype":"1"},{"width":82,"height":4,"name":"UWA.BtnTab.d8938396","astc":null,"limittype":"1"},{"width":2020,"height":100,"name":"UWA.ProgressBG.2d0abe8a","astc":null,"limittype":null},{"width":28,"height":72,"name":"UWA.Tab.b34ec302","astc":null,"limittype":null},{"width":199,"height":199,"name":"UWA.Shade.59e7b784","astc":null,"limittype":"1"},{"width":64,"height":224,"name":"UWA.FoldLeft.e2a29f39","astc":null,"limittype":null},{"width":500,"height":160,"name":"UWA.CreateProjBG.dea87f4c","astc":null,"limittype":null},{"width":25,"height":100,"name":"UWA.Progress.In.Left.31fd1e30","astc":null,"limittype":"1"},{"width":100,"height":100,"name":"UWA.Checkround.2.4fffaaa1","astc":null,"limittype":null},{"width":1,"height":1024,"name":"UWA.SetLine.2.7888ce71","astc":null,"limittype":"1"},{"width":32,"height":32,"name":"UWA.Refresh.f5c2dd1c","astc":null,"limittype":null},{"width":150,"height":60,"name":"UWA.InputBG.9df785be","astc":null,"limittype":"1"},{"width":1010,"height":80,"name":"UWA.Login.5b8ba051","astc":null,"limittype":"1"},{"width":70,"height":70,"name":"UWA.Close.fd304552","astc":null,"limittype":"1"},{"width":1024,"height":1,"name":"UWA.SetLine.1.1fa81688","astc":null,"limittype":"1"},{"width":100,"height":100,"name":"UWA.CheckBox.2.cc5a6ebe","astc":null,"limittype":null},{"width":100,"height":100,"name":"UWA.Checkround.1.a78ad800","astc":null,"limittype":null},{"width":200,"height":160,"name":"UWA.Switch.2.56c75bf9","astc":null,"limittype":null},{"width":200,"height":200,"name":"UWA.Gear.bb3faf4e","astc":null,"limittype":null},{"width":32,"height":32,"name":"UWA.Hint.3edbe7ea","astc":null,"limittype":null},{"width":452,"height":188,"name":"UWA.UMBtn.Grey.0bd6ae96","astc":null,"limittype":null},{"width":1024,"height":306,"name":"UWA.ProjSelectBG.ac15fdee","astc":null,"limittype":"1"},{"width":200,"height":200,"name":"UWA.Exit.bcf741ca","astc":null,"limittype":null},{"width":128,"height":448,"name":"UWA.Right.72b6bf47","astc":null,"limittype":null},{"width":92,"height":92,"name":"UWA.Dump.Round.340079be","astc":null,"limittype":null},{"width":128,"height":448,"name":"UWA.Left.c0dca2bf","astc":null,"limittype":null},{"width":452,"height":188,"name":"UWA.UMBtn.Blue.a58f7a4f","astc":null,"limittype":null},{"width":280,"height":96,"name":"UWA.NoMore.4b33d989","astc":null,"limittype":null},{"width":200,"height":200,"name":"UWA.Detail.b354204b","astc":null,"limittype":null},{"width":75,"height":47,"name":"UWA.BtnBG.1.Active.2fbb9a85","astc":null,"limittype":"1"},{"width":560,"height":67,"name":"UWA.White.3.6d9bfdeb","astc":null,"limittype":"1"},{"width":92,"height":92,"name":"UWA.Stop.Round.eceb3a89","astc":null,"limittype":null},{"width":384,"height":32,"name":"UWA.ServiceLine.65c6c769","astc":null,"limittype":null},{"width":8,"height":132,"name":"UWA.ServiceLine.h.4930b1e6","astc":null,"limittype":null},{"width":64,"height":268,"name":"UWA.FoldRight.7ba5d2b4","astc":null,"limittype":null},{"width":75,"height":47,"name":"UWA.BtnBG.1.9b94dec9","astc":null,"limittype":"1"},{"width":280,"height":100,"name":"UWA.Stop.c8635306","astc":null,"limittype":null},{"width":92,"height":92,"name":"UWA.Snapshot.Round.89a2eccd","astc":null,"limittype":null},{"width":44,"height":44,"name":"UWA.Switch.b8d5cf70","astc":null,"limittype":null},{"width":200,"height":200,"name":"UWA.Information.7047522d","astc":null,"limittype":null},{"width":30,"height":17,"name":"UWA.ShowItem.5af5172c","astc":null,"limittype":"1"},{"width":530,"height":96,"name":"UWA.DmImg.8dd496c6","astc":null,"limittype":"1"},{"width":258,"height":102,"name":"UWA.Connected.Y.bbf13f77","astc":null,"limittype":"1"}]}]}</content>
  <stackFrames>
[CALL STACK][0]: Method:WXTextureTools.Application.App.process; File:.0
[CALL STACK][1]: Method:WXTextureTools.Application.App..ctor; File:.0
[CALL STACK][2]: Method:WXTextureTools.Program.Main; File:.0
</stackFrames>
</wxlog>
