2026-04-07 17:06:40.221 [INFO] Begin to build package : DefaultPackage by ScriptableBuildPipeline
2026-04-07 17:06:40.222 [INFO] --------------------------------------------->TaskPrepare<--------------------------------------------
2026-04-07 17:06:40.224 [INFO] Create pipeline output directory: D:/MajunjieFiles/UnityProjects/wxdownload_mono_test/Bundles/WebGL/DefaultPackage/OutputCache
2026-04-07 17:06:40.224 [INFO] TaskPrepare It takes 0 seconds in total
2026-04-07 17:06:40.224 [INFO] --------------------------------------------->TaskGetBuildMap<--------------------------------------------
2026-04-07 17:06:40.871 [INFO] TaskGetBuildMap It takes 0 seconds in total
2026-04-07 17:06:40.871 [INFO] --------------------------------------------->TaskBuilding<--------------------------------------------
2026-04-07 17:06:56.874 [INFO] UnityEngine build success!
2026-04-07 17:06:56.874 [INFO] TaskBuilding It takes 16 seconds in total
2026-04-07 17:06:56.874 [INFO] --------------------------------------------->TaskVerifyBuildResult<--------------------------------------------
2026-04-07 17:06:56.876 [INFO] Build results verify success!
2026-04-07 17:06:56.876 [INFO] TaskVerifyBuildResult It takes 0 seconds in total
2026-04-07 17:06:56.877 [INFO] --------------------------------------------->TaskEncryption<--------------------------------------------
2026-04-07 17:06:56.877 [INFO] TaskEncryption It takes 0 seconds in total
2026-04-07 17:06:56.877 [INFO] --------------------------------------------->TaskUpdateBundleInfo<--------------------------------------------
2026-04-07 17:06:56.915 [INFO] TaskUpdateBundleInfo It takes 0 seconds in total
2026-04-07 17:06:56.915 [INFO] --------------------------------------------->TaskCreateManifest<--------------------------------------------
2026-04-07 17:06:56.921 [WARN] [ErrorCode601] Found stray bundle ! Bundle ID : 3 Bundle name : unityshaders.bundle
2026-04-07 17:06:56.924 [INFO] Create package manifest file: D:/MajunjieFiles/UnityProjects/wxdownload_mono_test/Bundles/WebGL/DefaultPackage/2026-04-07-1026/DefaultPackage_2026-04-07-1026.json
2026-04-07 17:06:56.958 [INFO] Create package manifest file: D:/MajunjieFiles/UnityProjects/wxdownload_mono_test/Bundles/WebGL/DefaultPackage/2026-04-07-1026/DefaultPackage_2026-04-07-1026.bytes
2026-04-07 17:06:56.959 [INFO] Create package manifest hash file: D:/MajunjieFiles/UnityProjects/wxdownload_mono_test/Bundles/WebGL/DefaultPackage/2026-04-07-1026/DefaultPackage_2026-04-07-1026.hash
2026-04-07 17:06:56.959 [INFO] Create package manifest version file: D:/MajunjieFiles/UnityProjects/wxdownload_mono_test/Bundles/WebGL/DefaultPackage/2026-04-07-1026/DefaultPackage.version
2026-04-07 17:06:56.963 [INFO] TaskCreateManifest It takes 0 seconds in total
2026-04-07 17:06:56.963 [INFO] --------------------------------------------->TaskCreateReport<--------------------------------------------
2026-04-07 17:06:56.973 [INFO] Create build report file: D:/MajunjieFiles/UnityProjects/wxdownload_mono_test/Bundles/WebGL/DefaultPackage/2026-04-07-1026/DefaultPackage_2026-04-07-1026.report
2026-04-07 17:06:56.973 [INFO] TaskCreateReport It takes 0 seconds in total
2026-04-07 17:06:56.974 [INFO] --------------------------------------------->TaskCreatePackage<--------------------------------------------
2026-04-07 17:06:56.975 [INFO] Start making patch package: D:/MajunjieFiles/UnityProjects/wxdownload_mono_test/Bundles/WebGL/DefaultPackage/2026-04-07-1026
2026-04-07 17:06:56.984 [INFO] TaskCreatePackage It takes 0 seconds in total
2026-04-07 17:06:56.985 [INFO] --------------------------------------------->TaskCopyBuildinFiles<--------------------------------------------
2026-04-07 17:06:56.986 [INFO] TaskCopyBuildinFiles It takes 0 seconds in total
2026-04-07 17:06:56.986 [INFO] --------------------------------------------->TaskCreateCatalog<--------------------------------------------
2026-04-07 17:06:56.986 [INFO] TaskCreateCatalog It takes 0 seconds in total
2026-04-07 17:06:56.986 [INFO] Total build process time: 16 seconds
2026-04-07 17:06:56.986 [INFO] Resource pipeline build success
